0 info it worked if it ends with ok
1 verbose cli [ '/usr/local/bin/node', '/usr/local/bin/npm', 'start' ]
2 info using npm@3.10.10
3 info using node@v4.4.5
4 verbose run-script [ 'prestart', 'start', 'poststart' ]
5 info lifecycle node-k8s@~prestart: node-k8s@
6 silly lifecycle node-k8s@~prestart: no script for prestart, continuing
7 info lifecycle node-k8s@~start: node-k8s@
8 verbose lifecycle node-k8s@~start: unsafe-perm in lifecycle true
9 verbose lifecycle node-k8s@~start: PATH: /usr/local/lib/node_modules/npm/bin/node-gyp-bin:/Users/daniel/work/node-k8s/node_modules/.bin:/Users/daniel/Downloads/google-cloud-sdk/bin:/usr/local/bin:/usr/local/bin:/usr/bin:/bin:/usr/sbin:/sbin:/usr/local/go/bin:/usr/local/sbin
10 verbose lifecycle node-k8s@~start: CWD: /Users/daniel/work/node-k8s
11 silly lifecycle node-k8s@~start: Args: [ '-c', 'node app/server.js' ]
12 silly lifecycle node-k8s@~start: Returned: code: 1  signal: null
13 info lifecycle node-k8s@~start: Failed to exec start script
14 verbose stack Error: node-k8s@ start: `node app/server.js`
14 verbose stack Exit status 1
14 verbose stack     at EventEmitter.<anonymous> (/usr/local/lib/node_modules/npm/lib/utils/lifecycle.js:255:16)
14 verbose stack     at emitTwo (events.js:87:13)
14 verbose stack     at EventEmitter.emit (events.js:172:7)
14 verbose stack     at ChildProcess.<anonymous> (/usr/local/lib/node_modules/npm/lib/utils/spawn.js:40:14)
14 verbose stack     at emitTwo (events.js:87:13)
14 verbose stack     at ChildProcess.emit (events.js:172:7)
14 verbose stack     at maybeClose (internal/child_process.js:827:16)
14 verbose stack     at Process.ChildProcess._handle.onexit (internal/child_process.js:211:5)
15 verbose pkgid node-k8s@
16 verbose cwd /Users/daniel/work/node-k8s
17 error Darwin 16.3.0
18 error argv "/usr/local/bin/node" "/usr/local/bin/npm" "start"
19 error node v4.4.5
20 error npm  v3.10.10
21 error code ELIFECYCLE
22 error node-k8s@ start: `node app/server.js`
22 error Exit status 1
23 error Failed at the node-k8s@ start script 'node app/server.js'.
23 error Make sure you have the latest version of node.js and npm installed.
23 error If you do, this is most likely a problem with the node-k8s package,
23 error not with npm itself.
23 error Tell the author that this fails on your system:
23 error     node app/server.js
23 error You can get information on how to open an issue for this project with:
23 error     npm bugs node-k8s
23 error Or if that isn't available, you can get their info via:
23 error     npm owner ls node-k8s
23 error There is likely additional logging output above.
24 verbose exit [ 1, true ]
